<?xml version="1.0" encoding="UTF-8"?>
<testng-results ignored="0" total="1" passed="1" failed="0" skipped="0">
  <reporter-output>
  </reporter-output>
  <suite started-at="2024-01-05T13:49:27 IST" name="Default suite" finished-at="2024-01-05T13:49:44 IST" duration-ms="16805">
    <groups>
    </groups>
    <test started-at="2024-01-05T13:49:27 IST" name="Default test" finished-at="2024-01-05T13:49:44 IST" duration-ms="16805">
      <class name="com.orangeHRM.runner.loginscript">
        <test-method is-config="true" signature="openApp()[pri:0, instance:com.orangeHRM.runner.loginscript@2e6a8155]" started-at="2024-01-05T13:49:27 IST" name="openApp" finished-at="2024-01-05T13:49:35 IST" duration-ms="8406" status="PASS">
          <reporter-output>
          </reporter-output>
        </test-method> <!-- openApp -->
        <test-method signature="login()[pri:0, instance:com.orangeHRM.runner.loginscript@2e6a8155]" started-at="2024-01-05T13:49:35 IST" name="login" finished-at="2024-01-05T13:49:43 IST" duration-ms="8070" status="PASS">
          <reporter-output>
          </reporter-output>
        </test-method> <!-- login -->
        <test-method is-config="true" signature="closeApp()[pri:0, instance:com.orangeHRM.runner.loginscript@2e6a8155]" started-at="2024-01-05T13:49:43 IST" name="closeApp" finished-at="2024-01-05T13:49:43 IST" duration-ms="200" status="PASS">
          <reporter-output>
          </reporter-output>
        </test-method> <!-- closeApp -->
      </class> <!-- com.orangeHRM.runner.loginscript -->
    </test> <!-- Default test -->
  </suite> <!-- Default suite -->
</testng-results>
